{"D:\\PROJECTS\\repos\\webpack_project_todolist\\src\\displayTask.js": {"path":"D:\\PROJECTS\\repos\\webpack_project_todolist\\src\\displayTask.js","statementMap":{"0":{"start":{"line":3,"column":16},"end":{"line":36,"column":1}},"1":{"start":{"line":4,"column":19},"end":{"line":4,"column":47}},"2":{"start":{"line":5,"column":20},"end":{"line":5,"column":48}},"3":{"start":{"line":6,"column":2},"end":{"line":6,"column":105}},"4":{"start":{"line":7,"column":2},"end":{"line":7,"column":34}},"5":{"start":{"line":8,"column":20},"end":{"line":8,"column":48}},"6":{"start":{"line":9,"column":2},"end":{"line":9,"column":113}},"7":{"start":{"line":10,"column":2},"end":{"line":10,"column":34}},"8":{"start":{"line":11,"column":16},"end":{"line":11,"column":33}},"9":{"start":{"line":12,"column":2},"end":{"line":30,"column":3}},"10":{"start":{"line":13,"column":24},"end":{"line":13,"column":63}},"11":{"start":{"line":13,"column":45},"end":{"line":13,"column":62}},"12":{"start":{"line":14,"column":4},"end":{"line":29,"column":7}},"13":{"start":{"line":15,"column":23},"end":{"line":15,"column":51}},"14":{"start":{"line":16,"column":6},"end":{"line":16,"column":40}},"15":{"start":{"line":17,"column":6},"end":{"line":17,"column":48}},"16":{"start":{"line":18,"column":6},"end":{"line":28,"column":7}},"17":{"start":{"line":19,"column":8},"end":{"line":21,"column":133}},"18":{"start":{"line":22,"column":8},"end":{"line":22,"column":39}},"19":{"start":{"line":24,"column":8},"end":{"line":26,"column":133}},"20":{"start":{"line":27,"column":8},"end":{"line":27,"column":39}},"21":{"start":{"line":31,"column":22},"end":{"line":31,"column":50}},"22":{"start":{"line":32,"column":2},"end":{"line":32,"column":34}},"23":{"start":{"line":33,"column":2},"end":{"line":33,"column":50}},"24":{"start":{"line":34,"column":2},"end":{"line":34,"column":36}},"25":{"start":{"line":35,"column":2},"end":{"line":35,"column":18}}},"fnMap":{"0":{"name":"(anonymous_0)","decl":{"start":{"line":3,"column":16},"end":{"line":3,"column":17}},"loc":{"start":{"line":3,"column":22},"end":{"line":36,"column":1}},"line":3},"1":{"name":"(anonymous_1)","decl":{"start":{"line":13,"column":35},"end":{"line":13,"column":36}},"loc":{"start":{"line":13,"column":45},"end":{"line":13,"column":62}},"line":13},"2":{"name":"(anonymous_2)","decl":{"start":{"line":14,"column":24},"end":{"line":14,"column":25}},"loc":{"start":{"line":14,"column":34},"end":{"line":29,"column":5}},"line":14}},"branchMap":{"0":{"loc":{"start":{"line":12,"column":2},"end":{"line":30,"column":3}},"type":"if","locations":[{"start":{"line":12,"column":2},"end":{"line":30,"column":3}},{"start":{},"end":{}}],"line":12},"1":{"loc":{"start":{"line":18,"column":6},"end":{"line":28,"column":7}},"type":"if","locations":[{"start":{"line":18,"column":6},"end":{"line":28,"column":7}},{"start":{"line":23,"column":13},"end":{"line":28,"column":7}}],"line":18}},"s":{"0":1,"1":2,"2":2,"3":2,"4":2,"5":2,"6":2,"7":2,"8":2,"9":2,"10":2,"11":3,"12":2,"13":5,"14":5,"15":5,"16":5,"17":5,"18":5,"19":0,"20":0,"21":2,"22":2,"23":2,"24":2,"25":2},"f":{"0":2,"1":3,"2":5},"b":{"0":[2,0],"1":[5,0]},"_coverageSchema":"1a1c01bbd47fc00a2c39e90264f33305004495a9","hash":"0b3236a86fef918042bde3de10fe8b0d9ef72228"}
,"D:\\PROJECTS\\repos\\webpack_project_todolist\\src\\localStorage.js": {"path":"D:\\PROJECTS\\repos\\webpack_project_todolist\\src\\localStorage.js","statementMap":{"0":{"start":{"line":3,"column":4},"end":{"line":3,"column":21}},"1":{"start":{"line":7,"column":4},"end":{"line":7,"column":60}},"2":{"start":{"line":11,"column":25},"end":{"line":11,"column":53}},"3":{"start":{"line":12,"column":4},"end":{"line":14,"column":5}},"4":{"start":{"line":13,"column":6},"end":{"line":13,"column":38}},"5":{"start":{"line":15,"column":4},"end":{"line":15,"column":36}}},"fnMap":{"0":{"name":"(anonymous_0)","decl":{"start":{"line":2,"column":2},"end":{"line":2,"column":3}},"loc":{"start":{"line":2,"column":20},"end":{"line":4,"column":3}},"line":2},"1":{"name":"(anonymous_1)","decl":{"start":{"line":6,"column":2},"end":{"line":6,"column":3}},"loc":{"start":{"line":6,"column":15},"end":{"line":8,"column":3}},"line":6},"2":{"name":"(anonymous_2)","decl":{"start":{"line":10,"column":2},"end":{"line":10,"column":3}},"loc":{"start":{"line":10,"column":19},"end":{"line":16,"column":3}},"line":10}},"branchMap":{"0":{"loc":{"start":{"line":12,"column":4},"end":{"line":14,"column":5}},"type":"if","locations":[{"start":{"line":12,"column":4},"end":{"line":14,"column":5}},{"start":{},"end":{}}],"line":12}},"s":{"0":7,"1":7,"2":10,"3":10,"4":8,"5":2},"f":{"0":7,"1":7,"2":10},"b":{"0":[8,2]},"_coverageSchema":"1a1c01bbd47fc00a2c39e90264f33305004495a9","hash":"8124f260ad9b27f2cc32df6ab49794a7cd71ffec"}
,"D:\\PROJECTS\\repos\\webpack_project_todolist\\src\\taskManager.js": {"path":"D:\\PROJECTS\\repos\\webpack_project_todolist\\src\\taskManager.js","statementMap":{"0":{"start":{"line":6,"column":4},"end":{"line":6,"column":21}},"1":{"start":{"line":7,"column":4},"end":{"line":7,"column":23}},"2":{"start":{"line":8,"column":4},"end":{"line":8,"column":31}},"3":{"start":{"line":12,"column":16},"end":{"line":12,"column":33}},"4":{"start":{"line":13,"column":4},"end":{"line":13,"column":27}},"5":{"start":{"line":13,"column":16},"end":{"line":13,"column":27}},"6":{"start":{"line":14,"column":18},"end":{"line":14,"column":30}},"7":{"start":{"line":15,"column":17},"end":{"line":15,"column":64}},"8":{"start":{"line":16,"column":4},"end":{"line":22,"column":5}},"9":{"start":{"line":17,"column":6},"end":{"line":17,"column":23}},"10":{"start":{"line":18,"column":6},"end":{"line":18,"column":40}},"11":{"start":{"line":19,"column":25},"end":{"line":19,"column":43}},"12":{"start":{"line":20,"column":6},"end":{"line":20,"column":30}},"13":{"start":{"line":21,"column":6},"end":{"line":21,"column":26}},"14":{"start":{"line":23,"column":4},"end":{"line":23,"column":34}},"15":{"start":{"line":27,"column":4},"end":{"line":27,"column":58}},"16":{"start":{"line":27,"column":13},"end":{"line":27,"column":58}},"17":{"start":{"line":28,"column":18},"end":{"line":28,"column":35}},"18":{"start":{"line":29,"column":4},"end":{"line":29,"column":28}},"19":{"start":{"line":30,"column":4},"end":{"line":33,"column":7}},"20":{"start":{"line":31,"column":6},"end":{"line":31,"column":25}},"21":{"start":{"line":32,"column":6},"end":{"line":32,"column":19}},"22":{"start":{"line":34,"column":29},"end":{"line":34,"column":47}},"23":{"start":{"line":35,"column":4},"end":{"line":35,"column":34}},"24":{"start":{"line":36,"column":4},"end":{"line":36,"column":40}},"25":{"start":{"line":40,"column":18},"end":{"line":40,"column":35}},"26":{"start":{"line":41,"column":4},"end":{"line":41,"column":30}},"27":{"start":{"line":42,"column":29},"end":{"line":42,"column":47}},"28":{"start":{"line":43,"column":4},"end":{"line":43,"column":34}}},"fnMap":{"0":{"name":"(anonymous_0)","decl":{"start":{"line":5,"column":2},"end":{"line":5,"column":3}},"loc":{"start":{"line":5,"column":50},"end":{"line":9,"column":3}},"line":5},"1":{"name":"(anonymous_1)","decl":{"start":{"line":11,"column":2},"end":{"line":11,"column":3}},"loc":{"start":{"line":11,"column":12},"end":{"line":24,"column":3}},"line":11},"2":{"name":"(anonymous_2)","decl":{"start":{"line":26,"column":2},"end":{"line":26,"column":3}},"loc":{"start":{"line":26,"column":24},"end":{"line":37,"column":3}},"line":26},"3":{"name":"(anonymous_3)","decl":{"start":{"line":30,"column":14},"end":{"line":30,"column":15}},"loc":{"start":{"line":30,"column":27},"end":{"line":33,"column":5}},"line":30},"4":{"name":"(anonymous_4)","decl":{"start":{"line":39,"column":2},"end":{"line":39,"column":3}},"loc":{"start":{"line":39,"column":28},"end":{"line":44,"column":3}},"line":39}},"branchMap":{"0":{"loc":{"start":{"line":5,"column":20},"end":{"line":5,"column":29}},"type":"default-arg","locations":[{"start":{"line":5,"column":28},"end":{"line":5,"column":29}}],"line":5},"1":{"loc":{"start":{"line":5,"column":31},"end":{"line":5,"column":48}},"type":"default-arg","locations":[{"start":{"line":5,"column":43},"end":{"line":5,"column":48}}],"line":5},"2":{"loc":{"start":{"line":13,"column":4},"end":{"line":13,"column":27}},"type":"if","locations":[{"start":{"line":13,"column":4},"end":{"line":13,"column":27}},{"start":{},"end":{}}],"line":13},"3":{"loc":{"start":{"line":16,"column":4},"end":{"line":22,"column":5}},"type":"if","locations":[{"start":{"line":16,"column":4},"end":{"line":22,"column":5}},{"start":{},"end":{}}],"line":16},"4":{"loc":{"start":{"line":27,"column":4},"end":{"line":27,"column":58}},"type":"if","locations":[{"start":{"line":27,"column":4},"end":{"line":27,"column":58}},{"start":{},"end":{}}],"line":27}},"s":{"0":12,"1":12,"2":12,"3":6,"4":6,"5":2,"6":6,"7":6,"8":6,"9":5,"10":5,"11":5,"12":5,"13":5,"14":1,"15":3,"16":1,"17":2,"18":2,"19":2,"20":6,"21":6,"22":2,"23":2,"24":2,"25":0,"26":0,"27":0,"28":0},"f":{"0":12,"1":6,"2":3,"3":6,"4":0},"b":{"0":[6],"1":[6],"2":[2,4],"3":[5,1],"4":[1,2]},"_coverageSchema":"1a1c01bbd47fc00a2c39e90264f33305004495a9","hash":"00491f83f1f55c486fd4a2b73c9739ca8a59b0d9"}
}
