TN:
SF:src\displayTask.js
FN:3,(anonymous_0)
FN:13,(anonymous_1)
FN:14,(anonymous_2)
FNF:3
FNH:3
FNDA:2,(anonymous_0)
FNDA:3,(anonymous_1)
FNDA:5,(anonymous_2)
DA:3,1
DA:4,2
DA:5,2
DA:6,2
DA:7,2
DA:8,2
DA:9,2
DA:10,2
DA:11,2
DA:12,2
DA:13,3
DA:14,2
DA:15,5
DA:16,5
DA:17,5
DA:18,5
DA:19,5
DA:22,5
DA:24,0
DA:27,0
DA:31,2
DA:32,2
DA:33,2
DA:34,2
DA:35,2
LF:25
LH:23
BRDA:12,0,0,2
BRDA:12,0,1,0
BRDA:18,1,0,5
BRDA:18,1,1,0
BRF:4
BRH:2
end_of_record
TN:
SF:src\localStorage.js
FN:2,(anonymous_0)
FN:6,(anonymous_1)
FN:10,(anonymous_2)
FNF:3
FNH:3
FNDA:7,(anonymous_0)
FNDA:7,(anonymous_1)
FNDA:10,(anonymous_2)
DA:3,7
DA:7,7
DA:11,10
DA:12,10
DA:13,8
DA:15,2
LF:6
LH:6
BRDA:12,0,0,8
BRDA:12,0,1,2
BRF:2
BRH:2
end_of_record
TN:
SF:src\taskManager.js
FN:5,(anonymous_0)
FN:11,(anonymous_1)
FN:26,(anonymous_2)
FN:30,(anonymous_3)
FN:39,(anonymous_4)
FNF:5
FNH:4
FNDA:12,(anonymous_0)
FNDA:6,(anonymous_1)
FNDA:3,(anonymous_2)
FNDA:6,(anonymous_3)
FNDA:0,(anonymous_4)
DA:6,12
DA:7,12
DA:8,12
DA:12,6
DA:13,6
DA:14,6
DA:15,6
DA:16,6
DA:17,5
DA:18,5
DA:19,5
DA:20,5
DA:21,5
DA:23,1
DA:27,3
DA:28,2
DA:29,2
DA:30,2
DA:31,6
DA:32,6
DA:34,2
DA:35,2
DA:36,2
DA:40,0
DA:41,0
DA:42,0
DA:43,0
LF:27
LH:23
BRDA:5,0,0,6
BRDA:5,1,0,6
BRDA:13,2,0,2
BRDA:13,2,1,4
BRDA:16,3,0,5
BRDA:16,3,1,1
BRDA:27,4,0,1
BRDA:27,4,1,2
BRF:8
BRH:8
end_of_record
